[30-Oct-2018 16:51:40 UTC] PHP Fatal error:  Call to undefined function displaySybol() in /home/ubuntu/workspace/cst336/HW/HW2/777/index.php on line 12
[30-Oct-2018 16:51:40 UTC] PHP Stack trace:
[30-Oct-2018 16:51:40 UTC] PHP   1. {main}() /home/ubuntu/workspace/cst336/HW/HW2/777/index.php:0
[30-Oct-2018 17:01:37 UTC] PHP Fatal error:  Call to undefined function displaySymbol() in /home/ubuntu/workspace/cst336/HW/HW2/777/index.php on line 12
[30-Oct-2018 17:01:37 UTC] PHP Stack trace:
[30-Oct-2018 17:01:37 UTC] PHP   1. {main}() /home/ubuntu/workspace/cst336/HW/HW2/777/index.php:0
[30-Oct-2018 17:04:34 UTC] PHP Fatal error:  Call to undefined function displaySymbol() in /home/ubuntu/workspace/cst336/HW/HW2/777/index.php on line 12
[30-Oct-2018 17:04:34 UTC] PHP Stack trace:
[30-Oct-2018 17:04:34 UTC] PHP   1. {main}() /home/ubuntu/workspace/cst336/HW/HW2/777/index.php:0
[30-Oct-2018 17:04:36 UTC] PHP Fatal error:  Call to undefined function displaySymbol() in /home/ubuntu/workspace/cst336/HW/HW2/777/index.php on line 12
[30-Oct-2018 17:04:36 UTC] PHP Stack trace:
[30-Oct-2018 17:04:36 UTC] PHP   1. {main}() /home/ubuntu/workspace/cst336/HW/HW2/777/index.php:0
[30-Oct-2018 17:04:37 UTC] PHP Fatal error:  Call to undefined function displaySymbol() in /home/ubuntu/workspace/cst336/HW/HW2/777/index.php on line 12
[30-Oct-2018 17:04:37 UTC] PHP Stack trace:
[30-Oct-2018 17:04:37 UTC] PHP   1. {main}() /home/ubuntu/workspace/cst336/HW/HW2/777/index.php:0
[30-Oct-2018 17:36:03 UTC] PHP Fatal error:  Call to undefined function displaySymbol() in /home/ubuntu/workspace/cst336/HW/HW2/777/index.php on line 12
[30-Oct-2018 17:36:03 UTC] PHP Stack trace:
[30-Oct-2018 17:36:03 UTC] PHP   1. {main}() /home/ubuntu/workspace/cst336/HW/HW2/777/index.php:0
[30-Oct-2018 17:43:38 UTC] PHP Parse error:  syntax error, unexpected ';', expecting ':' or '{' in /home/ubuntu/workspace/cst336/HW/HW2/777/index.php on line 12
[30-Oct-2018 18:30:52 UTC] PHP Fatal error:  Call to undefined function displayPoiunts() in /home/ubuntu/workspace/cst336/HW/HW2/777/inc/functions.php on line 55
[30-Oct-2018 18:30:52 UTC] PHP Stack trace:
[30-Oct-2018 18:30:52 UTC] PHP   1. {main}() /home/ubuntu/workspace/cst336/HW/HW2/777/index.php:0
[30-Oct-2018 18:30:52 UTC] PHP   2. play() /home/ubuntu/workspace/cst336/HW/HW2/777/index.php:14
[30-Oct-2018 18:31:36 UTC] PHP Fatal error:  Call to undefined function displayPoiunts() in /home/ubuntu/workspace/cst336/HW/HW2/777/inc/functions.php on line 55
[30-Oct-2018 18:31:36 UTC] PHP Stack trace:
[30-Oct-2018 18:31:36 UTC] PHP   1. {main}() /home/ubuntu/workspace/cst336/HW/HW2/777/index.php:0
[30-Oct-2018 18:31:36 UTC] PHP   2. play() /home/ubuntu/workspace/cst336/HW/HW2/777/index.php:14
[30-Oct-2018 18:31:38 UTC] PHP Fatal error:  Call to undefined function displayPoiunts() in /home/ubuntu/workspace/cst336/HW/HW2/777/inc/functions.php on line 55
[30-Oct-2018 18:31:38 UTC] PHP Stack trace:
[30-Oct-2018 18:31:38 UTC] PHP   1. {main}() /home/ubuntu/workspace/cst336/HW/HW2/777/index.php:0
[30-Oct-2018 18:31:38 UTC] PHP   2. play() /home/ubuntu/workspace/cst336/HW/HW2/777/index.php:14
[30-Oct-2018 18:31:39 UTC] PHP Fatal error:  Call to undefined function displayPoiunts() in /home/ubuntu/workspace/cst336/HW/HW2/777/inc/functions.php on line 55
[30-Oct-2018 18:31:39 UTC] PHP Stack trace:
[30-Oct-2018 18:31:39 UTC] PHP   1. {main}() /home/ubuntu/workspace/cst336/HW/HW2/777/index.php:0
[30-Oct-2018 18:31:39 UTC] PHP   2. play() /home/ubuntu/workspace/cst336/HW/HW2/777/index.php:14
[30-Oct-2018 18:31:40 UTC] PHP Fatal error:  Call to undefined function displayPoiunts() in /home/ubuntu/workspace/cst336/HW/HW2/777/inc/functions.php on line 55
[30-Oct-2018 18:31:40 UTC] PHP Stack trace:
[30-Oct-2018 18:31:40 UTC] PHP   1. {main}() /home/ubuntu/workspace/cst336/HW/HW2/777/index.php:0
[30-Oct-2018 18:31:40 UTC] PHP   2. play() /home/ubuntu/workspace/cst336/HW/HW2/777/index.php:14
