[05-Dec-2018 05:41:31 UTC] PHP Warning:  include(../dbConnection.php): failed to open stream: No such file or directory in /home/ubuntu/workspace/cst336/Labs/Lab8/pets/api/getPetInfo.php on line 3
[05-Dec-2018 05:41:31 UTC] PHP Stack trace:
[05-Dec-2018 05:41:31 UTC] PHP   1. {main}() /home/ubuntu/workspace/cst336/Labs/Lab8/pets/api/getPetInfo.php:0
[05-Dec-2018 05:41:31 UTC] PHP Warning:  include(): Failed opening '../dbConnection.php' for inclusion (include_path='.:/usr/share/php:/usr/share/pear') in /home/ubuntu/workspace/cst336/Labs/Lab8/pets/api/getPetInfo.php on line 3
[05-Dec-2018 05:41:31 UTC] PHP Stack trace:
[05-Dec-2018 05:41:31 UTC] PHP   1. {main}() /home/ubuntu/workspace/cst336/Labs/Lab8/pets/api/getPetInfo.php:0
[05-Dec-2018 05:41:31 UTC] PHP Fatal error:  Call to undefined function getDatabaseConnection() in /home/ubuntu/workspace/cst336/Labs/Lab8/pets/api/getPetInfo.php on line 4
[05-Dec-2018 05:41:31 UTC] PHP Stack trace:
[05-Dec-2018 05:41:31 UTC] PHP   1. {main}() /home/ubuntu/workspace/cst336/Labs/Lab8/pets/api/getPetInfo.php:0
[05-Dec-2018 05:41:35 UTC] PHP Warning:  include(../dbConnection.php): failed to open stream: No such file or directory in /home/ubuntu/workspace/cst336/Labs/Lab8/pets/api/getPetInfo.php on line 3
[05-Dec-2018 05:41:35 UTC] PHP Stack trace:
[05-Dec-2018 05:41:35 UTC] PHP   1. {main}() /home/ubuntu/workspace/cst336/Labs/Lab8/pets/api/getPetInfo.php:0
[05-Dec-2018 05:41:35 UTC] PHP Warning:  include(): Failed opening '../dbConnection.php' for inclusion (include_path='.:/usr/share/php:/usr/share/pear') in /home/ubuntu/workspace/cst336/Labs/Lab8/pets/api/getPetInfo.php on line 3
[05-Dec-2018 05:41:35 UTC] PHP Stack trace:
[05-Dec-2018 05:41:35 UTC] PHP   1. {main}() /home/ubuntu/workspace/cst336/Labs/Lab8/pets/api/getPetInfo.php:0
[05-Dec-2018 05:41:35 UTC] PHP Fatal error:  Call to undefined function getDatabaseConnection() in /home/ubuntu/workspace/cst336/Labs/Lab8/pets/api/getPetInfo.php on line 4
[05-Dec-2018 05:41:35 UTC] PHP Stack trace:
[05-Dec-2018 05:41:35 UTC] PHP   1. {main}() /home/ubuntu/workspace/cst336/Labs/Lab8/pets/api/getPetInfo.php:0
[05-Dec-2018 05:41:38 UTC] PHP Warning:  include(../dbConnection.php): failed to open stream: No such file or directory in /home/ubuntu/workspace/cst336/Labs/Lab8/pets/api/getPetInfo.php on line 3
[05-Dec-2018 05:41:38 UTC] PHP Stack trace:
[05-Dec-2018 05:41:38 UTC] PHP   1. {main}() /home/ubuntu/workspace/cst336/Labs/Lab8/pets/api/getPetInfo.php:0
[05-Dec-2018 05:41:38 UTC] PHP Warning:  include(): Failed opening '../dbConnection.php' for inclusion (include_path='.:/usr/share/php:/usr/share/pear') in /home/ubuntu/workspace/cst336/Labs/Lab8/pets/api/getPetInfo.php on line 3
[05-Dec-2018 05:41:38 UTC] PHP Stack trace:
[05-Dec-2018 05:41:38 UTC] PHP   1. {main}() /home/ubuntu/workspace/cst336/Labs/Lab8/pets/api/getPetInfo.php:0
[05-Dec-2018 05:41:38 UTC] PHP Fatal error:  Call to undefined function getDatabaseConnection() in /home/ubuntu/workspace/cst336/Labs/Lab8/pets/api/getPetInfo.php on line 4
[05-Dec-2018 05:41:38 UTC] PHP Stack trace:
[05-Dec-2018 05:41:38 UTC] PHP   1. {main}() /home/ubuntu/workspace/cst336/Labs/Lab8/pets/api/getPetInfo.php:0
[05-Dec-2018 05:45:56 UTC] PHP Warning:  include(../../../../dbConnection.php): failed to open stream: No such file or directory in /home/ubuntu/workspace/cst336/Labs/Lab8/pets/api/getPetInfo.php on line 3
[05-Dec-2018 05:45:56 UTC] PHP Stack trace:
[05-Dec-2018 05:45:56 UTC] PHP   1. {main}() /home/ubuntu/workspace/cst336/Labs/Lab8/pets/api/getPetInfo.php:0
[05-Dec-2018 05:45:56 UTC] PHP Warning:  include(): Failed opening '../../../../dbConnection.php' for inclusion (include_path='.:/usr/share/php:/usr/share/pear') in /home/ubuntu/workspace/cst336/Labs/Lab8/pets/api/getPetInfo.php on line 3
[05-Dec-2018 05:45:56 UTC] PHP Stack trace:
[05-Dec-2018 05:45:56 UTC] PHP   1. {main}() /home/ubuntu/workspace/cst336/Labs/Lab8/pets/api/getPetInfo.php:0
[05-Dec-2018 05:45:56 UTC] PHP Fatal error:  Call to undefined function getDatabaseConnection() in /home/ubuntu/workspace/cst336/Labs/Lab8/pets/api/getPetInfo.php on line 4
[05-Dec-2018 05:45:56 UTC] PHP Stack trace:
[05-Dec-2018 05:45:56 UTC] PHP   1. {main}() /home/ubuntu/workspace/cst336/Labs/Lab8/pets/api/getPetInfo.php:0
